{"__type":"$$EventMessageAudit","id":"f7db5c75-0999-4bcf-8c74-80595905b724","ts":"2025-12-04T15:54:33.253+00:00","eventName":"n8n.audit.workflow.created","message":"n8n.audit.workflow.created","payload":{"userId":"f3fb64a5-d5f7-4475-915e-605e642101a2","_email":"smithjohn55522@gmail.com","_firstName":"Naveed","_lastName":"Rashi","globalRole":"global:owner","workflowId":"8iayNPM5kxeYK8fN","workflowName":"Chatbot"}}
{"__type":"$$EventMessageConfirm","confirm":"f7db5c75-0999-4bcf-8c74-80595905b724","ts":"2025-12-04T15:54:33.254+00:00","source":{"id":"0","name":"eventBus"}}
{"__type":"$$EventMessageAudit","id":"5f146b74-5876-4ee9-ab61-19a6be51972d","ts":"2025-12-04T15:58:21.718+00:00","eventName":"n8n.audit.user.credentials.created","message":"n8n.audit.user.credentials.created","payload":{"userId":"f3fb64a5-d5f7-4475-915e-605e642101a2","_email":"smithjohn55522@gmail.com","_firstName":"Naveed","_lastName":"Rashi","globalRole":"global:owner","credentialType":"postgres","credentialId":"oSiEutASYb2z9PtP","publicApi":false,"projectId":"ykAVvJWoEBRAQNoA","projectType":"personal","uiContext":"workflow_list"}}
{"__type":"$$EventMessageConfirm","confirm":"5f146b74-5876-4ee9-ab61-19a6be51972d","ts":"2025-12-04T15:58:21.718+00:00","source":{"id":"0","name":"eventBus"}}
{"__type":"$$EventMessageAudit","id":"ce29dcc9-b61f-4e5e-bde7-d8cc625d8caa","ts":"2025-12-04T16:13:31.234+00:00","eventName":"n8n.audit.workflow.updated","message":"n8n.audit.workflow.updated","payload":{"userId":"f3fb64a5-d5f7-4475-915e-605e642101a2","_email":"smithjohn55522@gmail.com","_firstName":"Naveed","_lastName":"Rashi","globalRole":"global:owner","workflowId":"8iayNPM5kxeYK8fN","workflowName":"Chatbot"}}
{"__type":"$$EventMessageConfirm","confirm":"ce29dcc9-b61f-4e5e-bde7-d8cc625d8caa","ts":"2025-12-04T16:13:31.234+00:00","source":{"id":"0","name":"eventBus"}}
{"__type":"$$EventMessageWorkflow","id":"73d99216-a38e-410c-8142-8567a62f5404","ts":"2025-12-04T16:13:45.651+00:00","eventName":"n8n.workflow.started","message":"n8n.workflow.started","payload":{"executionId":"1","workflowId":"8iayNPM5kxeYK8fN","isManual":false,"workflowName":"Chatbot"}}
{"__type":"$$EventMessageConfirm","confirm":"73d99216-a38e-410c-8142-8567a62f5404","ts":"2025-12-04T16:13:45.651+00:00","source":{"id":"0","name":"eventBus"}}
{"__type":"$$EventMessageNode","id":"b2cb8196-6e3b-4ec3-8868-354679873644","ts":"2025-12-04T16:13:45.654+00:00","eventName":"n8n.node.started","message":"n8n.node.started","payload":{"workflowId":"8iayNPM5kxeYK8fN","workflowName":"Chatbot","executionId":"1","nodeType":"n8n-nodes-base.manualTrigger","nodeName":"When clicking ‘Execute workflow’","nodeId":"1a1ce3df-74ac-40f3-8c7a-b893ed47bbb8"}}
{"__type":"$$EventMessageConfirm","confirm":"b2cb8196-6e3b-4ec3-8868-354679873644","ts":"2025-12-04T16:13:45.656+00:00","source":{"id":"0","name":"eventBus"}}
{"__type":"$$EventMessageNode","id":"6910e97d-72c2-4768-8c31-571ae3de8e8e","ts":"2025-12-04T16:13:45.663+00:00","eventName":"n8n.node.finished","message":"n8n.node.finished","payload":{"workflowId":"8iayNPM5kxeYK8fN","workflowName":"Chatbot","executionId":"1","nodeType":"n8n-nodes-base.manualTrigger","nodeName":"When clicking ‘Execute workflow’","nodeId":"1a1ce3df-74ac-40f3-8c7a-b893ed47bbb8"}}
{"__type":"$$EventMessageConfirm","confirm":"6910e97d-72c2-4768-8c31-571ae3de8e8e","ts":"2025-12-04T16:13:45.663+00:00","source":{"id":"0","name":"eventBus"}}
{"__type":"$$EventMessageNode","id":"8ac178ee-a267-42c2-a04e-5ca6f6db5632","ts":"2025-12-04T16:13:45.665+00:00","eventName":"n8n.node.started","message":"n8n.node.started","payload":{"workflowId":"8iayNPM5kxeYK8fN","workflowName":"Chatbot","executionId":"1","nodeType":"n8n-nodes-base.code","nodeName":"Code in JavaScript","nodeId":"13e35b3b-2ea3-483a-ba4c-99ee4f5582ab"}}
{"__type":"$$EventMessageConfirm","confirm":"8ac178ee-a267-42c2-a04e-5ca6f6db5632","ts":"2025-12-04T16:13:45.665+00:00","source":{"id":"0","name":"eventBus"}}
{"__type":"$$EventMessageNode","id":"3523a5b3-b903-4187-ba73-cf778e403f3f","ts":"2025-12-04T11:13:45.736-05:00","eventName":"n8n.node.finished","message":"n8n.node.finished","payload":{"workflowId":"8iayNPM5kxeYK8fN","workflowName":"Chatbot","executionId":"1","nodeType":"n8n-nodes-base.code","nodeName":"Code in JavaScript","nodeId":"13e35b3b-2ea3-483a-ba4c-99ee4f5582ab"}}
{"__type":"$$EventMessageConfirm","confirm":"3523a5b3-b903-4187-ba73-cf778e403f3f","ts":"2025-12-04T11:13:45.736-05:00","source":{"id":"0","name":"eventBus"}}
{"__type":"$$EventMessageWorkflow","id":"a1b3662a-0e9c-4f64-9277-345223979e77","ts":"2025-12-04T11:13:45.745-05:00","eventName":"n8n.workflow.success","message":"n8n.workflow.success","payload":{"userId":"f3fb64a5-d5f7-4475-915e-605e642101a2","executionId":"1","success":true,"isManual":true,"workflowId":"8iayNPM5kxeYK8fN","workflowName":"Chatbot"}}
{"__type":"$$EventMessageConfirm","confirm":"a1b3662a-0e9c-4f64-9277-345223979e77","ts":"2025-12-04T11:13:45.746-05:00","source":{"id":"0","name":"eventBus"}}
{"__type":"$$EventMessageAudit","id":"f62c6bd9-a60b-4094-92ed-98ca88c8ed3e","ts":"2025-12-04T11:16:06.609-05:00","eventName":"n8n.audit.workflow.updated","message":"n8n.audit.workflow.updated","payload":{"userId":"f3fb64a5-d5f7-4475-915e-605e642101a2","_email":"smithjohn55522@gmail.com","_firstName":"Naveed","_lastName":"Rashi","globalRole":"global:owner","workflowId":"8iayNPM5kxeYK8fN","workflowName":"Chatbot"}}
{"__type":"$$EventMessageConfirm","confirm":"f62c6bd9-a60b-4094-92ed-98ca88c8ed3e","ts":"2025-12-04T11:16:06.609-05:00","source":{"id":"0","name":"eventBus"}}
{"__type":"$$EventMessageWorkflow","id":"7f6c233b-1cb7-4826-8f36-b98efbffc61f","ts":"2025-12-04T11:17:31.102-05:00","eventName":"n8n.workflow.started","message":"n8n.workflow.started","payload":{"executionId":"2","workflowId":"8iayNPM5kxeYK8fN","isManual":false,"workflowName":"Chatbot"}}
{"__type":"$$EventMessageConfirm","confirm":"7f6c233b-1cb7-4826-8f36-b98efbffc61f","ts":"2025-12-04T11:17:31.102-05:00","source":{"id":"0","name":"eventBus"}}
{"__type":"$$EventMessageNode","id":"31f282e4-c0f2-440c-8662-4a7b64ec504e","ts":"2025-12-04T11:17:31.104-05:00","eventName":"n8n.node.started","message":"n8n.node.started","payload":{"workflowId":"8iayNPM5kxeYK8fN","workflowName":"Chatbot","executionId":"2","nodeType":"n8n-nodes-base.code","nodeName":"Load_And_Extract_Text","nodeId":"13e35b3b-2ea3-483a-ba4c-99ee4f5582ab"}}
{"__type":"$$EventMessageConfirm","confirm":"31f282e4-c0f2-440c-8662-4a7b64ec504e","ts":"2025-12-04T11:17:31.104-05:00","source":{"id":"0","name":"eventBus"}}
{"__type":"$$EventMessageNode","id":"52fa9614-ad2e-4e54-988a-0ed3adf98912","ts":"2025-12-04T11:17:31.113-05:00","eventName":"n8n.node.finished","message":"n8n.node.finished","payload":{"workflowId":"8iayNPM5kxeYK8fN","workflowName":"Chatbot","executionId":"2","nodeType":"n8n-nodes-base.code","nodeName":"Load_And_Extract_Text","nodeId":"13e35b3b-2ea3-483a-ba4c-99ee4f5582ab"}}
{"__type":"$$EventMessageConfirm","confirm":"52fa9614-ad2e-4e54-988a-0ed3adf98912","ts":"2025-12-04T11:17:31.114-05:00","source":{"id":"0","name":"eventBus"}}
{"__type":"$$EventMessageWorkflow","id":"e674d9d8-f8cc-43b2-bfe5-7f15e70d4c13","ts":"2025-12-04T11:17:31.119-05:00","eventName":"n8n.workflow.success","message":"n8n.workflow.success","payload":{"userId":"f3fb64a5-d5f7-4475-915e-605e642101a2","executionId":"2","success":true,"isManual":true,"workflowId":"8iayNPM5kxeYK8fN","workflowName":"Chatbot"}}
{"__type":"$$EventMessageConfirm","confirm":"e674d9d8-f8cc-43b2-bfe5-7f15e70d4c13","ts":"2025-12-04T11:17:31.119-05:00","source":{"id":"0","name":"eventBus"}}
{"__type":"$$EventMessageWorkflow","id":"49f4f9ad-0615-4713-8f4b-e0c928ff746b","ts":"2025-12-04T11:18:15.921-05:00","eventName":"n8n.workflow.started","message":"n8n.workflow.started","payload":{"executionId":"3","workflowId":"8iayNPM5kxeYK8fN","isManual":false,"workflowName":"Chatbot"}}
{"__type":"$$EventMessageConfirm","confirm":"49f4f9ad-0615-4713-8f4b-e0c928ff746b","ts":"2025-12-04T11:18:15.922-05:00","source":{"id":"0","name":"eventBus"}}
{"__type":"$$EventMessageNode","id":"0bbd2ec3-7961-4a98-9e99-0d74c5417bc0","ts":"2025-12-04T11:18:15.923-05:00","eventName":"n8n.node.started","message":"n8n.node.started","payload":{"workflowId":"8iayNPM5kxeYK8fN","workflowName":"Chatbot","executionId":"3","nodeType":"n8n-nodes-base.manualTrigger","nodeName":"When clicking ‘Execute workflow’","nodeId":"1a1ce3df-74ac-40f3-8c7a-b893ed47bbb8"}}
{"__type":"$$EventMessageConfirm","confirm":"0bbd2ec3-7961-4a98-9e99-0d74c5417bc0","ts":"2025-12-04T11:18:15.924-05:00","source":{"id":"0","name":"eventBus"}}
{"__type":"$$EventMessageNode","id":"5d89fef9-3b45-44fb-8362-b1a06f4a686a","ts":"2025-12-04T11:18:15.928-05:00","eventName":"n8n.node.finished","message":"n8n.node.finished","payload":{"workflowId":"8iayNPM5kxeYK8fN","workflowName":"Chatbot","executionId":"3","nodeType":"n8n-nodes-base.manualTrigger","nodeName":"When clicking ‘Execute workflow’","nodeId":"1a1ce3df-74ac-40f3-8c7a-b893ed47bbb8"}}
{"__type":"$$EventMessageConfirm","confirm":"5d89fef9-3b45-44fb-8362-b1a06f4a686a","ts":"2025-12-04T11:18:15.930-05:00","source":{"id":"0","name":"eventBus"}}
{"__type":"$$EventMessageNode","id":"99b3127a-34e4-4098-9083-1461ae49c9e0","ts":"2025-12-04T11:18:15.935-05:00","eventName":"n8n.node.started","message":"n8n.node.started","payload":{"workflowId":"8iayNPM5kxeYK8fN","workflowName":"Chatbot","executionId":"3","nodeType":"n8n-nodes-base.code","nodeName":"Load_And_Extract_Text","nodeId":"13e35b3b-2ea3-483a-ba4c-99ee4f5582ab"}}
{"__type":"$$EventMessageConfirm","confirm":"99b3127a-34e4-4098-9083-1461ae49c9e0","ts":"2025-12-04T11:18:15.936-05:00","source":{"id":"0","name":"eventBus"}}
{"__type":"$$EventMessageNode","id":"b8be0687-8843-46e3-b852-024018afaef0","ts":"2025-12-04T11:18:15.960-05:00","eventName":"n8n.node.finished","message":"n8n.node.finished","payload":{"workflowId":"8iayNPM5kxeYK8fN","workflowName":"Chatbot","executionId":"3","nodeType":"n8n-nodes-base.code","nodeName":"Load_And_Extract_Text","nodeId":"13e35b3b-2ea3-483a-ba4c-99ee4f5582ab"}}
{"__type":"$$EventMessageConfirm","confirm":"b8be0687-8843-46e3-b852-024018afaef0","ts":"2025-12-04T11:18:15.960-05:00","source":{"id":"0","name":"eventBus"}}
{"__type":"$$EventMessageWorkflow","id":"15f4f0d7-48d0-4534-aed7-d7b43f9b9592","ts":"2025-12-04T11:18:15.969-05:00","eventName":"n8n.workflow.success","message":"n8n.workflow.success","payload":{"userId":"f3fb64a5-d5f7-4475-915e-605e642101a2","executionId":"3","success":true,"isManual":true,"workflowId":"8iayNPM5kxeYK8fN","workflowName":"Chatbot"}}
{"__type":"$$EventMessageConfirm","confirm":"15f4f0d7-48d0-4534-aed7-d7b43f9b9592","ts":"2025-12-04T11:18:15.970-05:00","source":{"id":"0","name":"eventBus"}}
{"__type":"$$EventMessageWorkflow","id":"7828c704-d3cd-47e7-819b-e52a455bf55d","ts":"2025-12-04T11:18:25.809-05:00","eventName":"n8n.workflow.started","message":"n8n.workflow.started","payload":{"executionId":"4","workflowId":"8iayNPM5kxeYK8fN","isManual":false,"workflowName":"Chatbot"}}
{"__type":"$$EventMessageConfirm","confirm":"7828c704-d3cd-47e7-819b-e52a455bf55d","ts":"2025-12-04T11:18:25.809-05:00","source":{"id":"0","name":"eventBus"}}
{"__type":"$$EventMessageNode","id":"ad9e3c17-2374-4956-a8f0-b7de3acac9de","ts":"2025-12-04T11:18:25.811-05:00","eventName":"n8n.node.started","message":"n8n.node.started","payload":{"workflowId":"8iayNPM5kxeYK8fN","workflowName":"Chatbot","executionId":"4","nodeType":"n8n-nodes-base.code","nodeName":"Load_And_Extract_Text","nodeId":"13e35b3b-2ea3-483a-ba4c-99ee4f5582ab"}}
{"__type":"$$EventMessageConfirm","confirm":"ad9e3c17-2374-4956-a8f0-b7de3acac9de","ts":"2025-12-04T11:18:25.811-05:00","source":{"id":"0","name":"eventBus"}}
{"__type":"$$EventMessageNode","id":"202d5031-dd64-4a3c-a31e-30a361630f69","ts":"2025-12-04T11:18:25.818-05:00","eventName":"n8n.node.finished","message":"n8n.node.finished","payload":{"workflowId":"8iayNPM5kxeYK8fN","workflowName":"Chatbot","executionId":"4","nodeType":"n8n-nodes-base.code","nodeName":"Load_And_Extract_Text","nodeId":"13e35b3b-2ea3-483a-ba4c-99ee4f5582ab"}}
{"__type":"$$EventMessageConfirm","confirm":"202d5031-dd64-4a3c-a31e-30a361630f69","ts":"2025-12-04T11:18:25.818-05:00","source":{"id":"0","name":"eventBus"}}
{"__type":"$$EventMessageWorkflow","id":"3be50862-56d2-4b0d-b861-ff427cbf0108","ts":"2025-12-04T11:18:25.821-05:00","eventName":"n8n.workflow.success","message":"n8n.workflow.success","payload":{"userId":"f3fb64a5-d5f7-4475-915e-605e642101a2","executionId":"4","success":true,"isManual":true,"workflowId":"8iayNPM5kxeYK8fN","workflowName":"Chatbot"}}
{"__type":"$$EventMessageConfirm","confirm":"3be50862-56d2-4b0d-b861-ff427cbf0108","ts":"2025-12-04T11:18:25.821-05:00","source":{"id":"0","name":"eventBus"}}
{"__type":"$$EventMessageWorkflow","id":"43eab5ae-cb9c-4caa-95a1-a44e2dbce137","ts":"2025-12-04T11:18:47.498-05:00","eventName":"n8n.workflow.started","message":"n8n.workflow.started","payload":{"executionId":"5","workflowId":"8iayNPM5kxeYK8fN","isManual":false,"workflowName":"Chatbot"}}
{"__type":"$$EventMessageConfirm","confirm":"43eab5ae-cb9c-4caa-95a1-a44e2dbce137","ts":"2025-12-04T11:18:47.498-05:00","source":{"id":"0","name":"eventBus"}}
{"__type":"$$EventMessageNode","id":"94b3777a-bda3-494c-a99a-df907a16ea07","ts":"2025-12-04T11:18:47.500-05:00","eventName":"n8n.node.started","message":"n8n.node.started","payload":{"workflowId":"8iayNPM5kxeYK8fN","workflowName":"Chatbot","executionId":"5","nodeType":"n8n-nodes-base.manualTrigger","nodeName":"When clicking ‘Execute workflow’","nodeId":"1a1ce3df-74ac-40f3-8c7a-b893ed47bbb8"}}
{"__type":"$$EventMessageConfirm","confirm":"94b3777a-bda3-494c-a99a-df907a16ea07","ts":"2025-12-04T11:18:47.500-05:00","source":{"id":"0","name":"eventBus"}}
{"__type":"$$EventMessageNode","id":"533ebf60-0058-4180-87df-74410fd6fdcc","ts":"2025-12-04T11:18:47.503-05:00","eventName":"n8n.node.finished","message":"n8n.node.finished","payload":{"workflowId":"8iayNPM5kxeYK8fN","workflowName":"Chatbot","executionId":"5","nodeType":"n8n-nodes-base.manualTrigger","nodeName":"When clicking ‘Execute workflow’","nodeId":"1a1ce3df-74ac-40f3-8c7a-b893ed47bbb8"}}
{"__type":"$$EventMessageConfirm","confirm":"533ebf60-0058-4180-87df-74410fd6fdcc","ts":"2025-12-04T11:18:47.503-05:00","source":{"id":"0","name":"eventBus"}}
{"__type":"$$EventMessageNode","id":"eb233661-d649-4b8f-8b71-1e1a7e6a0ded","ts":"2025-12-04T11:18:47.504-05:00","eventName":"n8n.node.started","message":"n8n.node.started","payload":{"workflowId":"8iayNPM5kxeYK8fN","workflowName":"Chatbot","executionId":"5","nodeType":"n8n-nodes-base.code","nodeName":"Load_And_Extract_Text","nodeId":"13e35b3b-2ea3-483a-ba4c-99ee4f5582ab"}}
{"__type":"$$EventMessageConfirm","confirm":"eb233661-d649-4b8f-8b71-1e1a7e6a0ded","ts":"2025-12-04T11:18:47.504-05:00","source":{"id":"0","name":"eventBus"}}
{"__type":"$$EventMessageNode","id":"f3a72190-554a-4e0d-87cc-1b0c239d55e2","ts":"2025-12-04T11:18:47.511-05:00","eventName":"n8n.node.finished","message":"n8n.node.finished","payload":{"workflowId":"8iayNPM5kxeYK8fN","workflowName":"Chatbot","executionId":"5","nodeType":"n8n-nodes-base.code","nodeName":"Load_And_Extract_Text","nodeId":"13e35b3b-2ea3-483a-ba4c-99ee4f5582ab"}}
{"__type":"$$EventMessageConfirm","confirm":"f3a72190-554a-4e0d-87cc-1b0c239d55e2","ts":"2025-12-04T11:18:47.512-05:00","source":{"id":"0","name":"eventBus"}}
{"__type":"$$EventMessageNode","id":"d2051947-71fd-44c4-99ed-7835976ed434","ts":"2025-12-04T11:18:47.514-05:00","eventName":"n8n.node.started","message":"n8n.node.started","payload":{"workflowId":"8iayNPM5kxeYK8fN","workflowName":"Chatbot","executionId":"5","nodeType":"n8n-nodes-base.code","nodeName":"Recursive_Contextual_Splitter","nodeId":"0d4568d0-5940-4ef6-a72a-8204572e357d"}}
{"__type":"$$EventMessageConfirm","confirm":"d2051947-71fd-44c4-99ed-7835976ed434","ts":"2025-12-04T11:18:47.514-05:00","source":{"id":"0","name":"eventBus"}}
{"__type":"$$EventMessageNode","id":"f3c1375c-b17a-4eea-9e02-c2e64c320c8f","ts":"2025-12-04T11:18:47.527-05:00","eventName":"n8n.node.finished","message":"n8n.node.finished","payload":{"workflowId":"8iayNPM5kxeYK8fN","workflowName":"Chatbot","executionId":"5","nodeType":"n8n-nodes-base.code","nodeName":"Recursive_Contextual_Splitter","nodeId":"0d4568d0-5940-4ef6-a72a-8204572e357d"}}
{"__type":"$$EventMessageConfirm","confirm":"f3c1375c-b17a-4eea-9e02-c2e64c320c8f","ts":"2025-12-04T11:18:47.527-05:00","source":{"id":"0","name":"eventBus"}}
{"__type":"$$EventMessageWorkflow","id":"cafbcd82-7811-4c77-bef4-4543fe533df6","ts":"2025-12-04T11:18:47.529-05:00","eventName":"n8n.workflow.success","message":"n8n.workflow.success","payload":{"userId":"f3fb64a5-d5f7-4475-915e-605e642101a2","executionId":"5","success":true,"isManual":true,"workflowId":"8iayNPM5kxeYK8fN","workflowName":"Chatbot"}}
{"__type":"$$EventMessageConfirm","confirm":"cafbcd82-7811-4c77-bef4-4543fe533df6","ts":"2025-12-04T11:18:47.530-05:00","source":{"id":"0","name":"eventBus"}}
{"__type":"$$EventMessageAudit","id":"bd1880ae-c27c-45ac-a62a-96f31655ab4c","ts":"2025-12-04T11:21:13.119-05:00","eventName":"n8n.audit.workflow.updated","message":"n8n.audit.workflow.updated","payload":{"userId":"f3fb64a5-d5f7-4475-915e-605e642101a2","_email":"smithjohn55522@gmail.com","_firstName":"Naveed","_lastName":"Rashi","globalRole":"global:owner","workflowId":"8iayNPM5kxeYK8fN","workflowName":"Chatbot"}}
{"__type":"$$EventMessageConfirm","confirm":"bd1880ae-c27c-45ac-a62a-96f31655ab4c","ts":"2025-12-04T11:21:13.120-05:00","source":{"id":"0","name":"eventBus"}}
